TN:
SF:config.js
FN:13,getDatabaseUri
FNF:1
FNH:1
FNDA:2,getDatabaseUri
DA:5,1
DA:6,1
DA:8,1
DA:10,1
DA:14,2
DA:22,1
DA:24,1
DA:25,1
DA:26,1
DA:27,1
DA:28,1
DA:29,1
DA:31,1
LF:13
LH:13
BRDA:8,0,0,1
BRDA:8,0,1,1
BRDA:10,1,0,1
BRDA:10,1,1,1
BRDA:14,2,0,2
BRDA:14,2,1,0
BRDA:16,3,0,0
BRDA:16,3,1,0
BRDA:22,4,0,1
BRDA:22,4,1,0
BRF:10
BRH:6
end_of_record
TN:
SF:db.js
FNF:0
FNH:0
DA:5,1
DA:6,1
DA:8,1
DA:12,1
DA:14,1
LF:5
LH:5
BRF:0
BRH:0
end_of_record
TN:
SF:expressError.js
FN:8,(anonymous_0)
FN:18,(anonymous_1)
FN:26,(anonymous_2)
FN:34,(anonymous_3)
FN:42,(anonymous_4)
FNF:5
FNH:3
FNDA:5,(anonymous_0)
FNDA:3,(anonymous_1)
FNDA:0,(anonymous_2)
FNDA:2,(anonymous_3)
FNDA:0,(anonymous_4)
DA:9,5
DA:10,5
DA:11,5
DA:19,3
DA:27,0
DA:35,2
DA:43,0
DA:47,1
LF:8
LH:6
BRDA:18,0,0,0
BRDA:26,1,0,0
BRDA:34,2,0,0
BRDA:42,3,0,0
BRF:4
BRH:0
end_of_record
TN:
SF:helpers/sql.js
FN:16,sqlForPartialUpdate
FN:21,(anonymous_1)
FNF:2
FNH:2
FNDA:9,sqlForPartialUpdate
FNDA:18,(anonymous_1)
DA:1,1
DA:17,9
DA:18,9
DA:21,8
DA:22,18
DA:25,8
DA:31,1
LF:7
LH:7
BRDA:18,0,0,1
BRDA:18,0,1,8
BRDA:22,1,0,18
BRDA:22,1,1,12
BRF:4
BRH:4
end_of_record
TN:
SF:models/_testCommon.js
FN:6,commonBeforeAll
FN:33,commonBeforeEach
FN:37,commonAfterEach
FN:41,commonAfterAll
FNF:4
FNH:4
FNDA:1,commonBeforeAll
FNDA:16,commonBeforeEach
FNDA:16,commonAfterEach
FNDA:1,commonAfterAll
DA:1,1
DA:3,1
DA:4,1
DA:8,1
DA:10,1
DA:12,1
DA:18,1
DA:34,16
DA:38,16
DA:42,1
DA:46,1
LF:11
LH:11
BRF:0
BRH:0
end_of_record
TN:
SF:models/company.js
FN:19,(anonymous_0)
FN:57,(anonymous_1)
FN:72,(anonymous_2)
FN:89,(anonymous_3)
FN:119,(anonymous_4)
FN:146,(anonymous_5)
FNF:6
FNH:6
FNDA:3,(anonymous_0)
FNDA:1,(anonymous_1)
FNDA:5,(anonymous_2)
FNDA:2,(anonymous_3)
FNDA:4,(anonymous_4)
FNDA:2,(anonymous_5)
DA:3,1
DA:4,1
DA:5,1
DA:20,3
DA:26,3
DA:27,1
DA:29,2
DA:47,2
DA:49,2
DA:59,1
DA:67,1
DA:73,5
DA:90,2
DA:100,2
DA:102,2
DA:104,1
DA:120,4
DA:126,3
DA:128,3
DA:133,3
DA:134,3
DA:136,3
DA:138,2
DA:147,2
DA:153,2
DA:155,2
DA:160,1
LF:27
LH:27
BRDA:26,0,0,1
BRDA:26,0,1,2
BRDA:102,1,0,1
BRDA:102,1,1,1
BRDA:136,2,0,1
BRDA:136,2,1,2
BRDA:155,3,0,1
BRDA:155,3,1,1
BRF:8
BRH:8
end_of_record
